Determining if the pthread_create exist failed with the following output:
Change Dir: /home/kx/ws_arbotix/src/demo/CMakeFiles/CMakeTmp

Run Build Command:"/usr/bin/make" "cmTC_25abb/fast"
/usr/bin/make -f CMakeFiles/cmTC_25abb.dir/build.make CMakeFiles/cmTC_25abb.dir/build
make[1]: Entering directory '/home/kx/ws_arbotix/src/demo/CMakeFiles/CMakeTmp'
Building C object CMakeFiles/cmTC_25abb.dir/CheckSymbolExists.c.o
/usr/bin/cc     -o CMakeFiles/cmTC_25abb.dir/CheckSymbolExists.c.o   -c /home/kx/ws_arbotix/src/demo/CMakeFiles/CMakeTmp/CheckSymbolExists.c
Linking C executable cmTC_25abb
/usr/bin/cmake -E cmake_link_script CMakeFiles/cmTC_25abb.dir/link.txt --verbose=1
/usr/bin/cc       CMakeFiles/cmTC_25abb.dir/CheckSymbolExists.c.o  -o cmTC_25abb -rdynamic 
CMakeFiles/cmTC_25abb.dir/CheckSymbolExists.c.o：在函数‘main’中：
CheckSymbolExists.c:(.text+0x16)：对‘pthread_create’未定义的引用
collect2: error: ld returned 1 exit status
CMakeFiles/cmTC_25abb.dir/build.make:97: recipe for target 'cmTC_25abb' failed
make[1]: *** [cmTC_25abb] Error 1
make[1]: Leaving directory '/home/kx/ws_arbotix/src/demo/CMakeFiles/CMakeTmp'
Makefile:126: recipe for target 'cmTC_25abb/fast' failed
make: *** [cmTC_25abb/fast] Error 2

File /home/kx/ws_arbotix/src/demo/CMakeFiles/CMakeTmp/CheckSymbolExists.c:
/* */
#include <pthread.h>

int main(int argc, char** argv)
{
  (void)argv;
#ifndef pthread_create
  return ((int*)(&pthread_create))[argc];
#else
  (void)argc;
  return 0;
#endif
}

Determining if the function pthread_create exists in the pthreads failed with the following output:
Change Dir: /home/kx/ws_arbotix/src/demo/CMakeFiles/CMakeTmp

Run Build Command:"/usr/bin/make" "cmTC_83394/fast"
/usr/bin/make -f CMakeFiles/cmTC_83394.dir/build.make CMakeFiles/cmTC_83394.dir/build
make[1]: Entering directory '/home/kx/ws_arbotix/src/demo/CMakeFiles/CMakeTmp'
Building C object CMakeFiles/cmTC_83394.dir/CheckFunctionExists.c.o
/usr/bin/cc    -DCHECK_FUNCTION_EXISTS=pthread_create   -o CMakeFiles/cmTC_83394.dir/CheckFunctionExists.c.o   -c /usr/share/cmake-3.5/Modules/CheckFunctionExists.c
Linking C executable cmTC_83394
/usr/bin/cmake -E cmake_link_script CMakeFiles/cmTC_83394.dir/link.txt --verbose=1
/usr/bin/cc   -DCHECK_FUNCTION_EXISTS=pthread_create    CMakeFiles/cmTC_83394.dir/CheckFunctionExists.c.o  -o cmTC_83394 -rdynamic -lpthreads 
/usr/bin/ld: 找不到 -lpthreads
collect2: error: ld returned 1 exit status
CMakeFiles/cmTC_83394.dir/build.make:97: recipe for target 'cmTC_83394' failed
make[1]: *** [cmTC_83394] Error 1
make[1]: Leaving directory '/home/kx/ws_arbotix/src/demo/CMakeFiles/CMakeTmp'
Makefile:126: recipe for target 'cmTC_83394/fast' failed
make: *** [cmTC_83394/fast] Error 2


